<?xml version="1.0" encoding="UTF-8"?>
<testng-results ignored="0" total="3" passed="3" failed="0" skipped="0">
  <reporter-output>
  </reporter-output>
  <suite started-at="2023-10-29T23:38:45 EDT" name="Suite" finished-at="2023-10-29T23:38:51 EDT" duration-ms="6216">
    <groups>
    </groups>
    <test started-at="2023-10-29T23:38:45 EDT" name="Test" finished-at="2023-10-29T23:38:51 EDT" duration-ms="6216">
      <class name="Test.SampleTest">
        <test-method is-config="true" signature="beforeMethod()[pri:0, instance:Test.SampleTest@1af2d44a]" started-at="2023-10-29T23:38:45 EDT" name="beforeMethod" finished-at="2023-10-29T23:38:48 EDT" duration-ms="2722" status="PASS">
          <reporter-output>
          </reporter-output>
        </test-method> <!-- beforeMethod -->
        <test-method signature="testCase1()[pri:0, instance:Test.SampleTest@1af2d44a]" started-at="2023-10-29T23:38:48 EDT" name="testCase1" finished-at="2023-10-29T23:38:48 EDT" duration-ms="1" status="PASS">
          <reporter-output>
          </reporter-output>
        </test-method> <!-- testCase1 -->
        <test-method is-config="true" signature="afterMethod()[pri:0, instance:Test.SampleTest@1af2d44a]" started-at="2023-10-29T23:38:48 EDT" name="afterMethod" finished-at="2023-10-29T23:38:48 EDT" duration-ms="80" status="PASS">
          <reporter-output>
          </reporter-output>
        </test-method> <!-- afterMethod -->
        <test-method is-config="true" signature="beforeMethod()[pri:0, instance:Test.SampleTest@1af2d44a]" started-at="2023-10-29T23:38:48 EDT" name="beforeMethod" finished-at="2023-10-29T23:38:50 EDT" duration-ms="1624" status="PASS">
          <reporter-output>
          </reporter-output>
        </test-method> <!-- beforeMethod -->
        <test-method signature="testCase2()[pri:0, instance:Test.SampleTest@1af2d44a]" started-at="2023-10-29T23:38:50 EDT" name="testCase2" finished-at="2023-10-29T23:38:50 EDT" duration-ms="1" status="PASS">
          <reporter-output>
          </reporter-output>
        </test-method> <!-- testCase2 -->
        <test-method is-config="true" signature="afterMethod()[pri:0, instance:Test.SampleTest@1af2d44a]" started-at="2023-10-29T23:38:50 EDT" name="afterMethod" finished-at="2023-10-29T23:38:50 EDT" duration-ms="78" status="PASS">
          <reporter-output>
          </reporter-output>
        </test-method> <!-- afterMethod -->
        <test-method is-config="true" signature="beforeMethod()[pri:0, instance:Test.SampleTest@1af2d44a]" started-at="2023-10-29T23:38:50 EDT" name="beforeMethod" finished-at="2023-10-29T23:38:51 EDT" duration-ms="1608" status="PASS">
          <reporter-output>
          </reporter-output>
        </test-method> <!-- beforeMethod -->
        <test-method signature="testCase3()[pri:0, instance:Test.SampleTest@1af2d44a]" started-at="2023-10-29T23:38:51 EDT" name="testCase3" finished-at="2023-10-29T23:38:51 EDT" duration-ms="0" status="PASS">
          <reporter-output>
          </reporter-output>
        </test-method> <!-- testCase3 -->
        <test-method is-config="true" signature="afterMethod()[pri:0, instance:Test.SampleTest@1af2d44a]" started-at="2023-10-29T23:38:51 EDT" name="afterMethod" finished-at="2023-10-29T23:38:51 EDT" duration-ms="75" status="PASS">
          <reporter-output>
          </reporter-output>
        </test-method> <!-- afterMethod -->
      </class> <!-- Test.SampleTest -->
    </test> <!-- Test -->
  </suite> <!-- Suite -->
</testng-results>
